[2024-03-13 01:45:07Z INFO HostContext] No proxy settings were found based on environmental variables (http_proxy/https_proxy/HTTP_PROXY/HTTPS_PROXY)
[2024-03-13 01:45:07Z INFO HostContext] Well known directory 'Bin': 'C:\Users\DELL\Desktop\spring-boot-mysql-example-master\actions-runner\bin'
[2024-03-13 01:45:07Z INFO HostContext] Well known directory 'Root': 'C:\Users\DELL\Desktop\spring-boot-mysql-example-master\actions-runner'
[2024-03-13 01:45:07Z INFO HostContext] Well known config file 'Credentials': 'C:\Users\DELL\Desktop\spring-boot-mysql-example-master\actions-runner\.credentials'
[2024-03-13 01:45:07Z INFO HostContext] Well known directory 'Bin': 'C:\Users\DELL\Desktop\spring-boot-mysql-example-master\actions-runner\bin'
[2024-03-13 01:45:07Z INFO HostContext] Well known directory 'Root': 'C:\Users\DELL\Desktop\spring-boot-mysql-example-master\actions-runner'
[2024-03-13 01:45:07Z INFO HostContext] Well known config file 'Runner': 'C:\Users\DELL\Desktop\spring-boot-mysql-example-master\actions-runner\.runner'
[2024-03-13 01:45:07Z INFO Listener] Runner is built for Windows (X64) - win-x64.
[2024-03-13 01:45:07Z INFO Listener] RuntimeInformation: Microsoft Windows 10.0.22631.
[2024-03-13 01:45:07Z INFO Listener] Version: 2.314.1
[2024-03-13 01:45:07Z INFO Listener] Commit: 976290d966e6cc3e748a49bf8fdbe139ff764201
[2024-03-13 01:45:07Z INFO Listener] Culture: en-US
[2024-03-13 01:45:07Z INFO Listener] UI Culture: en-US
[2024-03-13 01:45:07Z INFO HostContext] Well known directory 'Bin': 'C:\Users\DELL\Desktop\spring-boot-mysql-example-master\actions-runner\bin'
[2024-03-13 01:45:07Z INFO HostContext] Well known directory 'Root': 'C:\Users\DELL\Desktop\spring-boot-mysql-example-master\actions-runner'
[2024-03-13 01:45:07Z INFO Listener] Validating directory permissions for: 'C:\Users\DELL\Desktop\spring-boot-mysql-example-master\actions-runner'
[2024-03-13 01:45:07Z INFO CommandLineParser] Parse
[2024-03-13 01:45:07Z INFO CommandLineParser] Parsing 1 args
[2024-03-13 01:45:07Z INFO CommandLineParser] parsing argument
[2024-03-13 01:45:07Z INFO CommandLineParser] HasArgs: False
[2024-03-13 01:45:07Z INFO CommandLineParser] Adding Command: run
[2024-03-13 01:45:07Z INFO Listener] Arguments parsed
[2024-03-13 01:45:07Z INFO Runner] ExecuteCommand
[2024-03-13 01:45:07Z INFO ConfigurationStore] currentAssemblyLocation: C:\Users\DELL\Desktop\spring-boot-mysql-example-master\actions-runner\bin\Runner.Listener.dll
[2024-03-13 01:45:07Z INFO HostContext] Well known directory 'Bin': 'C:\Users\DELL\Desktop\spring-boot-mysql-example-master\actions-runner\bin'
[2024-03-13 01:45:07Z INFO ConfigurationStore] binPath: C:\Users\DELL\Desktop\spring-boot-mysql-example-master\actions-runner\bin
[2024-03-13 01:45:07Z INFO HostContext] Well known directory 'Bin': 'C:\Users\DELL\Desktop\spring-boot-mysql-example-master\actions-runner\bin'
[2024-03-13 01:45:07Z INFO HostContext] Well known directory 'Root': 'C:\Users\DELL\Desktop\spring-boot-mysql-example-master\actions-runner'
[2024-03-13 01:45:07Z INFO ConfigurationStore] RootFolder: C:\Users\DELL\Desktop\spring-boot-mysql-example-master\actions-runner
[2024-03-13 01:45:07Z INFO HostContext] Well known directory 'Bin': 'C:\Users\DELL\Desktop\spring-boot-mysql-example-master\actions-runner\bin'
[2024-03-13 01:45:07Z INFO HostContext] Well known directory 'Root': 'C:\Users\DELL\Desktop\spring-boot-mysql-example-master\actions-runner'
[2024-03-13 01:45:07Z INFO HostContext] Well known config file 'Runner': 'C:\Users\DELL\Desktop\spring-boot-mysql-example-master\actions-runner\.runner'
[2024-03-13 01:45:07Z INFO ConfigurationStore] ConfigFilePath: C:\Users\DELL\Desktop\spring-boot-mysql-example-master\actions-runner\.runner
[2024-03-13 01:45:07Z INFO HostContext] Well known directory 'Bin': 'C:\Users\DELL\Desktop\spring-boot-mysql-example-master\actions-runner\bin'
[2024-03-13 01:45:07Z INFO HostContext] Well known directory 'Root': 'C:\Users\DELL\Desktop\spring-boot-mysql-example-master\actions-runner'
[2024-03-13 01:45:07Z INFO HostContext] Well known config file 'Credentials': 'C:\Users\DELL\Desktop\spring-boot-mysql-example-master\actions-runner\.credentials'
[2024-03-13 01:45:07Z INFO ConfigurationStore] CredFilePath: C:\Users\DELL\Desktop\spring-boot-mysql-example-master\actions-runner\.credentials
[2024-03-13 01:45:07Z INFO HostContext] Well known directory 'Bin': 'C:\Users\DELL\Desktop\spring-boot-mysql-example-master\actions-runner\bin'
[2024-03-13 01:45:07Z INFO HostContext] Well known directory 'Root': 'C:\Users\DELL\Desktop\spring-boot-mysql-example-master\actions-runner'
[2024-03-13 01:45:07Z INFO HostContext] Well known config file 'MigratedCredentials': 'C:\Users\DELL\Desktop\spring-boot-mysql-example-master\actions-runner\.credentials_migrated'
[2024-03-13 01:45:07Z INFO ConfigurationStore] MigratedCredFilePath: C:\Users\DELL\Desktop\spring-boot-mysql-example-master\actions-runner\.credentials_migrated
[2024-03-13 01:45:07Z INFO HostContext] Well known directory 'Bin': 'C:\Users\DELL\Desktop\spring-boot-mysql-example-master\actions-runner\bin'
[2024-03-13 01:45:07Z INFO HostContext] Well known directory 'Root': 'C:\Users\DELL\Desktop\spring-boot-mysql-example-master\actions-runner'
[2024-03-13 01:45:07Z INFO HostContext] Well known config file 'Service': 'C:\Users\DELL\Desktop\spring-boot-mysql-example-master\actions-runner\.service'
[2024-03-13 01:45:07Z INFO ConfigurationStore] ServiceConfigFilePath: C:\Users\DELL\Desktop\spring-boot-mysql-example-master\actions-runner\.service
[2024-03-13 01:45:07Z INFO CommandSettings] Flag 'help': 'False'
[2024-03-13 01:45:07Z INFO CommandSettings] Flag 'version': 'False'
[2024-03-13 01:45:07Z INFO CommandSettings] Flag 'commit': 'False'
[2024-03-13 01:45:07Z INFO CommandSettings] Flag 'check': 'False'
[2024-03-13 01:45:07Z INFO CommandSettings] Command 'configure': 'False'
[2024-03-13 01:45:07Z INFO CommandSettings] Command 'remove': 'False'
[2024-03-13 01:45:07Z INFO CommandSettings] Command 'warmup': 'False'
[2024-03-13 01:45:07Z INFO ConfigurationManager] LoadSettings
[2024-03-13 01:45:07Z INFO ConfigurationStore] IsConfigured()
[2024-03-13 01:45:07Z INFO ConfigurationStore] IsConfigured: True
[2024-03-13 01:45:07Z INFO ConfigurationManager] Is configured: True
[2024-03-13 01:45:07Z INFO ConfigurationStore] Read setting file: 307 chars
[2024-03-13 01:45:07Z INFO ConfigurationManager] Settings Loaded
[2024-03-13 01:45:07Z INFO ConfigurationStore] IsServiceConfigured()
[2024-03-13 01:45:07Z INFO ConfigurationStore] IsServiceConfigured: False
[2024-03-13 01:45:07Z INFO CommandSettings] Command 'run': 'True'
[2024-03-13 01:45:07Z INFO ConfigurationStore] IsConfigured()
[2024-03-13 01:45:07Z INFO ConfigurationStore] IsConfigured: True
[2024-03-13 01:45:07Z INFO ConfigurationManager] Is configured: True
[2024-03-13 01:45:07Z INFO Runner] Could not parse the argument value '' for StartupType. Defaulting to Manual
[2024-03-13 01:45:07Z INFO Runner] Set runner startup type - Manual
[2024-03-13 01:45:07Z INFO CommandSettings] Flag 'once': 'False'
[2024-03-13 01:45:07Z INFO CommandSettings] Flag 'once': 'False'
[2024-03-13 01:45:07Z INFO Runner] RunAsync
[2024-03-13 01:45:07Z INFO ConfigurationManager] LoadSettings
[2024-03-13 01:45:07Z INFO ConfigurationStore] IsConfigured()
[2024-03-13 01:45:07Z INFO ConfigurationStore] IsConfigured: True
[2024-03-13 01:45:07Z INFO ConfigurationManager] Is configured: True
[2024-03-13 01:45:07Z INFO ConfigurationManager] Settings Loaded
[2024-03-13 01:45:07Z INFO MessageListener] {
  "AgentId": 21,
  "AgentName": "JUMANA",
  "PoolId": 1,
  "PoolName": "Default",
  "ServerUrl": "https://pipelinesghubeus25.actions.githubusercontent.com/GaanjikvqU35mH4AXeiEjfIs6ZjrB36ksHGczKu7ttGCv1NSG9/",
  "GitHubUrl": "https://github.com/jumana-nounou/springboot1",
  "WorkFolder": "_work"
}
[2024-03-13 01:45:07Z INFO MessageListener] Loading Credentials
[2024-03-13 01:45:07Z INFO ConfigurationStore] HasCredentials()
[2024-03-13 01:45:07Z INFO ConfigurationStore] stored True
[2024-03-13 01:45:07Z INFO CredentialManager] GetCredentialProvider
[2024-03-13 01:45:07Z INFO CredentialManager] Creating type OAuth
[2024-03-13 01:45:07Z INFO CredentialManager] Creating credential type: OAuth
[2024-03-13 01:45:07Z INFO HostContext] Well known directory 'Bin': 'C:\Users\DELL\Desktop\spring-boot-mysql-example-master\actions-runner\bin'
[2024-03-13 01:45:07Z INFO HostContext] Well known directory 'Root': 'C:\Users\DELL\Desktop\spring-boot-mysql-example-master\actions-runner'
[2024-03-13 01:45:07Z INFO HostContext] Well known config file 'RSACredentials': 'C:\Users\DELL\Desktop\spring-boot-mysql-example-master\actions-runner\.credentials_rsaparams'
[2024-03-13 01:45:07Z INFO RSAEncryptedFileKeyManager] Loading RSA key parameters from file C:\Users\DELL\Desktop\spring-boot-mysql-example-master\actions-runner\.credentials_rsaparams
[2024-03-13 01:45:07Z INFO MessageListener] Attempt to create session.
[2024-03-13 01:45:07Z INFO MessageListener] Connecting to the Runner Server...
[2024-03-13 01:45:07Z INFO RunnerServer] EstablishVssConnection
[2024-03-13 01:45:07Z INFO RunnerServer] Establish connection with 100 seconds timeout.
[2024-03-13 01:45:07Z INFO GitHubActionsService] Starting operation Location.GetConnectionData
[2024-03-13 01:45:07Z INFO RunnerServer] EstablishVssConnection
[2024-03-13 01:45:07Z INFO RunnerServer] Establish connection with 60 seconds timeout.
[2024-03-13 01:45:07Z INFO GitHubActionsService] Starting operation Location.GetConnectionData
[2024-03-13 01:45:07Z INFO RunnerServer] EstablishVssConnection
[2024-03-13 01:45:07Z INFO RunnerServer] Establish connection with 60 seconds timeout.
[2024-03-13 01:45:07Z INFO GitHubActionsService] Starting operation Location.GetConnectionData
[2024-03-13 01:45:08Z INFO GitHubActionsService] Finished operation Location.GetConnectionData
[2024-03-13 01:45:08Z INFO GitHubActionsService] Finished operation Location.GetConnectionData
[2024-03-13 01:45:08Z INFO GitHubActionsService] Finished operation Location.GetConnectionData
[2024-03-13 01:45:09Z INFO MessageListener] VssConnection created
[2024-03-13 01:45:09Z INFO Terminal] WRITE LINE: 
[2024-03-13 01:45:09Z INFO Terminal] WRITE LINE: 
[2024-03-13 01:45:09Z INFO RSAEncryptedFileKeyManager] Loading RSA key parameters from file C:\Users\DELL\Desktop\spring-boot-mysql-example-master\actions-runner\.credentials_rsaparams
[2024-03-13 01:45:09Z INFO RSAEncryptedFileKeyManager] Loading RSA key parameters from file C:\Users\DELL\Desktop\spring-boot-mysql-example-master\actions-runner\.credentials_rsaparams
[2024-03-13 01:45:10Z INFO GitHubActionsService] AAD Correlation ID for this token request: Unknown
[2024-03-13 01:45:10Z INFO MessageListener] Session created.
[2024-03-13 01:45:10Z INFO Terminal] WRITE LINE: Current runner version: '2.314.1'
[2024-03-13 01:45:10Z INFO Terminal] WRITE LINE: 2024-03-13 01:45:10Z: Listening for Jobs
[2024-03-13 01:45:10Z INFO JobDispatcher] Set runner/worker IPC timeout to 30 seconds.
